<?xml version='1.0' encoding='UTF-8'?>
<testsuite hostname="yoshidaryounoMacBook-Pro-5.local" name="TokenizerTest" tests="11" errors="0" failures="0" skipped="0" time="0.031" timestamp="2020-03-22T15:30:12">
                     <properties>
      <property name="awt.toolkit" value="sun.lwawt.macosx.LWCToolkit"/><property name="java.specification.version" value="12"/><property name="sun.jnu.encoding" value="UTF-8"/><property name="sun.arch.data.model" value="64"/><property name="java.vendor.url" value="https://java.oracle.com/"/><property name="sun.boot.library.path" value="/Library/Java/JavaVirtualMachines/jdk-12.0.1.jdk/Contents/Home/lib"/><property name="sun.java.command" value="/Users/ryo/Library/Application Support/IdeaIC2019.1/Scala/launcher/sbt-launch.jar --addPluginSbtFile=/private/var/folders/cm/1_13y_5j3vj4c5vkh7w5dngw0000gn/T/idea.sbt ; set ideaPort in Global := 50611 ; idea-shell"/><property name="jdk.debug" value="release"/><property name="java.specification.vendor" value="Oracle Corporation"/><property name="java.version.date" value="2019-04-16"/><property name="java.home" value="/Library/Java/JavaVirtualMachines/jdk-12.0.1.jdk/Contents/Home"/><property name="file.separator" value="/"/><property name="java.vm.compressedOopsMode" value="Zero based"/><property name="line.separator" value="
"/><property name="java.vm.specification.vendor" value="Oracle Corporation"/><property name="java.specification.name" value="Java Platform API Specification"/><property name="sun.management.compiler" value="HotSpot 64-Bit Tiered Compilers"/><property name="java.runtime.version" value="12.0.1+12"/><property name="user.name" value="ryo"/><property name="log4j.ignoreTCL" value="true"/><property name="file.encoding" value="UTF-8"/><property name="java.io.tmpdir" value="/var/folders/cm/1_13y_5j3vj4c5vkh7w5dngw0000gn/T/"/><property name="java.version" value="12.0.1"/><property name="java.vm.specification.name" value="Java Virtual Machine Specification"/><property name="java.library.path" value="/Users/ryo/Library/Java/Extensions:/Library/Java/Extensions:/Network/Library/Java/Extensions:/System/Library/Java/Extensions:/usr/lib/java:."/><property name="java.vendor" value="Oracle Corporation"/><property name="sun.io.unicode.encoding" value="UnicodeBig"/><property name="socksNonProxyHosts" value="local|*.local|169.254/16|*.169.254/16|127.0.0.1"/><property name="java.class.path" value="/Users/ryo/Library/Application Support/IdeaIC2019.1/Scala/launcher/sbt-launch.jar"/><property name="java.vm.vendor" value="Oracle Corporation"/><property name="jline.shutdownhook" value="false"/><property name="user.timezone" value="Asia/Tokyo"/><property name="java.vm.specification.version" value="12"/><property name="os.name" value="Mac OS X"/><property name="sun.java.launcher" value="SUN_STANDARD"/><property name="user.country" value="JP"/><property name="http.nonProxyHosts" value="local|*.local|169.254/16|*.169.254/16|127.0.0.1"/><property name="sun.cpu.endian" value="little"/><property name="user.home" value="/Users/ryo"/><property name="user.language" value="ja"/><property name="swoval.tmpdir" value="/Users/ryo/.sbt/1.0"/><property name="java.awt.graphicsenv" value="sun.awt.CGraphicsEnvironment"/><property name="jline.esc.timeout" value="0"/><property name="ftp.nonProxyHosts" value="local|*.local|169.254/16|*.169.254/16|127.0.0.1"/><property name="path.separator" value=":"/><property name="os.version" value="10.14.6"/><property name="jna.nosys" value="true"/><property name="java.runtime.name" value="Java(TM) SE Runtime Environment"/><property name="java.vm.name" value="Java HotSpot(TM) 64-Bit Server VM"/><property name="java.vendor.url.bug" value="https://bugreport.java.com/bugreport/"/><property name="user.dir" value="/Users/ryo/IdeaProjects/Scala-Scheme-interpreter"/><property name="os.arch" value="x86_64"/><property name="idea.managed" value="true"/><property name="java.vm.info" value="mixed mode, sharing"/><property name="java.vm.version" value="12.0.1+12"/><property name="java.class.version" value="56.0"/>
    </properties>
                     <testcase classname="TokenizerTest" name="getAtom" time="0.026">
                                                 
                                               </testcase><testcase classname="TokenizerTest" name="removeComments" time="0.0">
                                                 
                                               </testcase><testcase classname="TokenizerTest" name="tokenizeLetter" time="0.001">
                                                 
                                               </testcase><testcase classname="TokenizerTest" name="tokenizeLetter 予約語" time="0.001">
                                                 
                                               </testcase><testcase classname="TokenizerTest" name="tokenizeDigit" time="0.0">
                                                 
                                               </testcase><testcase classname="TokenizerTest" name="tokenizeFloat" time="0.001">
                                                 
                                               </testcase><testcase classname="TokenizerTest" name="tokenizeString" time="0.001">
                                                 
                                               </testcase><testcase classname="TokenizerTest" name="tokenizeQuote" time="0.001">
                                                 
                                               </testcase><testcase classname="TokenizerTest" name="tokenize" time="0.0">
                                                 
                                               </testcase><testcase classname="TokenizerTest" name="tokenize2" time="0.0">
                                                 
                                               </testcase><testcase classname="TokenizerTest" name="tokenize quote" time="0.0">
                                                 
                                               </testcase>
                     <system-out><![CDATA[]]></system-out>
                     <system-err><![CDATA[]]></system-err>
                   </testsuite>